#
# A fatal error has been detected by the Java Runtime Environment:
#
#  EXCEPTION_ACCESS_VIOLATION (0xc0000005) at pc=0x0000000070f29145, pid=12460, tid=0x00000000000028d4
#
# JRE version: Java(TM) SE Runtime Environment (8.0_131-b11) (build 1.8.0_131-b11)
# Java VM: Java HotSpot(TM) 64-Bit Server VM (25.131-b11 mixed mode windows-amd64 compressed oops)
# Problematic frame:
# C  [nvoglv64.dll+0x639145]
#
# Failed to write core dump. Minidumps are not enabled by default on client versions of Windows
#
# If you would like to submit a bug report, please visit:
#   http://bugreport.java.com/bugreport/crash.jsp
# The crash happened outside the Java Virtual Machine in native code.
# See problematic frame for where to report the bug.
#

---------------  T H R E A D  ---------------

Current thread (0x0000000002912800):  JavaThread "main" [_thread_in_native, id=10452, stack(0x0000000002810000,0x0000000002910000)]

siginfo: ExceptionCode=0xc0000005, reading address 0x0000000000000003

Registers:
RAX=0x0000000000000003, RBX=0x0000000000000000, RCX=0x0000000000000002, RDX=0x000000002e4870ea
RSP=0x000000000290f280, RBP=0x00000000000156ec, RSI=0x00000000000055b0, RDI=0x0000000029b39080
R8 =0x00000000000055b0, R9 =0x00000000000156c0, R10=0x000000002e4870cc, R11=0x000000002e4870e4
R12=0x0000000000000000, R13=0x000000002e4870ea, R14=0x0000000000000003, R15=0x0000000000000000
RIP=0x0000000070f29145, EFLAGS=0x0000000000010202

Top of Stack: (sp=0x000000000290f280)
0x000000000290f280:   000000000264dc00 000000007320b756
0x000000000290f290:   000000000290f8c8 000000000264e850
0x000000000290f2a0:   00000000000003d8 000000000264e860
0x000000000290f2b0:   0000000034baa288 0000000002912800
0x000000000290f2c0:   0000000034baa288 0000000002912800
0x000000000290f2d0:   0000000000000000 0000000000000000
0x000000000290f2e0:   000000000290f3e0 0000000034baa288
0x000000000290f2f0:   0000000000000000 0000000002a1835d
0x000000000290f300:   0000000027c1ba50 0000000002a27f74
0x000000000290f310:   000000000290f3a0 00000000000156c0
0x000000000290f320:   0000000002912800 0000000034baa288
0x000000000290f330:   0000000000001405 0000000000000003
0x000000000290f340:   0000000027c1ba50 0000000002912800
0x000000000290f350:   000000000290f458 0000000002a27ca2
0x000000000290f360:   000000000290f360 0000000034baa288
0x000000000290f370:   000000000290f3e0 0000000034bb4aa8 

Instructions: (pc=0x0000000070f29145)
0x0000000070f29125:   c6 45 8b e7 49 8d 53 04 03 ca f7 d9 83 e1 0f 48
0x0000000070f29135:   03 d1 4c 8b ea 41 f6 c6 0f 74 1c 45 85 c0 74 17
0x0000000070f29145:   0b 18 41 ff c8 0f b7 08 48 83 c0 04 66 89 0a 48
0x0000000070f29155:   83 c2 02 a8 0f 75 e4 41 83 f8 08 7e 7c 66 0f 6f 


Register to memory mapping:

RAX=0x0000000000000003 is an unknown value
RBX=0x0000000000000000 is an unknown value
RCX=0x0000000000000002 is an unknown value
RDX=0x000000002e4870ea is an unknown value
RSP=0x000000000290f280 is pointing into the stack for thread: 0x0000000002912800
RBP=0x00000000000156ec is an unknown value
RSI=0x00000000000055b0 is an unknown value
RDI=0x0000000029b39080 is an unknown value
R8 =0x00000000000055b0 is an unknown value
R9 =0x00000000000156c0 is an unknown value
R10=0x000000002e4870cc is an unknown value
R11=0x000000002e4870e4 is an unknown value
R12=0x0000000000000000 is an unknown value
R13=0x000000002e4870ea is an unknown value
R14=0x0000000000000003 is an unknown value
R15=0x0000000000000000 is an unknown value


Stack: [0x0000000002810000,0x0000000002910000],  sp=0x000000000290f280,  free space=1020k
Native frames: (J=compiled Java code, j=interpreted, Vv=VM code, C=native code)
C  [nvoglv64.dll+0x639145]
C  0x0000000002a27f74

Java frames: (J=compiled Java code, j=interpreted, Vv=VM code)
j  org.lwjgl.opengl.GL11C.nglDrawElements(IIIJ)V+0
j  org.lwjgl.opengl.GL11C.glDrawElements(IIIJ)V+4
j  org.lwjgl.opengl.GL11.glDrawElements(IIIJ)V+4
j  nl.game.entities.Model.draw()V+56
j  nl.game.entities.Player.draw()V+14
j  nl.game.world.World.draw()V+95
j  nl.game.setup.MainCubeWorld.main([Ljava/lang/String;)V+188
v  ~StubRoutines::call_stub

---------------  P R O C E S S  ---------------

Java Threads: ( => current thread )
  0x0000000026fb8800 JavaThread "Service Thread" daemon [_thread_blocked, id=6744, stack(0x0000000027390000,0x0000000027490000)]
  0x0000000025638000 JavaThread "C1 CompilerThread2" daemon [_thread_blocked, id=7328, stack(0x0000000026e90000,0x0000000026f90000)]
  0x0000000025633000 JavaThread "C2 CompilerThread1" daemon [_thread_in_native, id=8728, stack(0x0000000026d90000,0x0000000026e90000)]
  0x0000000025630000 JavaThread "C2 CompilerThread0" daemon [_thread_in_native, id=8584, stack(0x0000000026c90000,0x0000000026d90000)]
  0x000000002562f000 JavaThread "Attach Listener" daemon [_thread_blocked, id=7876, stack(0x0000000026b90000,0x0000000026c90000)]
  0x000000002562d800 JavaThread "Signal Dispatcher" daemon [_thread_blocked, id=1004, stack(0x0000000026a90000,0x0000000026b90000)]
  0x0000000002a0d000 JavaThread "Finalizer" daemon [_thread_blocked, id=11748, stack(0x0000000026880000,0x0000000026980000)]
  0x0000000002a02000 JavaThread "Reference Handler" daemon [_thread_blocked, id=12800, stack(0x0000000026780000,0x0000000026880000)]
=>0x0000000002912800 JavaThread "main" [_thread_in_native, id=10452, stack(0x0000000002810000,0x0000000002910000)]

Other Threads:
  0x00000000255f6800 VMThread [stack: 0x0000000026680000,0x0000000026780000] [id=5804]
  0x000000002568a000 WatcherThread [stack: 0x0000000027490000,0x0000000027590000] [id=10676]

VM state:not at safepoint (normal execution)

VM Mutex/Monitor currently owned by a thread: None

Heap:
 PSYoungGen      total 1835008K, used 94371K [0x0000000715580000, 0x0000000795580000, 0x00000007c0000000)
  eden space 1572864K, 6% used [0x0000000715580000,0x000000071b1a8f88,0x0000000775580000)
  from space 262144K, 0% used [0x0000000785580000,0x0000000785580000,0x0000000795580000)
  to   space 262144K, 0% used [0x0000000775580000,0x0000000775580000,0x0000000785580000)
 ParOldGen       total 4194304K, used 0K [0x00000005c0000000, 0x00000006c0000000, 0x0000000715580000)
  object space 4194304K, 0% used [0x00000005c0000000,0x00000005c0000000,0x00000006c0000000)
 Metaspace       used 9834K, capacity 10055K, committed 10368K, reserved 1058816K
  class space    used 806K, capacity 869K, committed 896K, reserved 1048576K

Card table byte_map: [0x0000000011dd0000,0x0000000012de0000] byte_map_base: 0x000000000efd0000

Marking Bits: (ParMarkBitMap*) 0x000000007396c720
 Begin Bits: [0x0000000013c90000, 0x000000001bc90000)
 End Bits:   [0x000000001bc90000, 0x0000000023c90000)

Polling page: 0x0000000000950000

CodeCache: size=245760Kb used=3144Kb max_used=3155Kb free=242615Kb
 bounds [0x0000000002a10000, 0x0000000002d30000, 0x0000000011a10000]
 total_blobs=1674 nmethods=770 adapters=817
 compilation: enabled

Compilation events (10 events):
Event: 1.049 Thread 0x0000000025630000 nmethod 763 0x0000000002d1a490 code [0x0000000002d1a5e0, 0x0000000002d1aad8]
Event: 1.049 Thread 0x0000000025630000  765       4       java.util.Arrays::copyOf (46 bytes)
Event: 1.051 Thread 0x0000000025630000 nmethod 765 0x0000000002d23210 code [0x0000000002d23360, 0x0000000002d236f8]
Event: 1.051 Thread 0x0000000025630000  767       4       java.util.AbstractCollection::toArray (147 bytes)
Event: 1.059 Thread 0x0000000025630000 nmethod 767 0x0000000002d23910 code [0x0000000002d23a80, 0x0000000002d240d8]
Event: 1.060 Thread 0x0000000025630000  772       4       java.util.ArrayList$SubList::iterator (5 bytes)
Event: 1.060 Thread 0x0000000025638000  774 %     2       java.util.AbstractCollection::toArray @ 42 (147 bytes)
Event: 1.060 Thread 0x0000000025638000 nmethod 774% 0x0000000002d20ed0 code [0x0000000002d210e0, 0x0000000002d217b8]
Event: 1.060 Thread 0x0000000025630000 nmethod 772 0x0000000002d1a050 code [0x0000000002d1a1a0, 0x0000000002d1a2f8]
Event: 1.060 Thread 0x0000000025630000  775       4       java.util.AbstractCollection::toArray (147 bytes)

GC Heap History (0 events):
No events

Deoptimization events (5 events):
Event: 1.049 Thread 0x0000000002912800 Uncommon trap: reason=predicate action=maybe_recompile pc=0x0000000002d1a980 method=java.util.AbstractCollection.toArray([Ljava/lang/Object;)[Ljava/lang/Object; @ 49
Event: 1.060 Thread 0x0000000002912800 Uncommon trap: reason=array_check action=maybe_recompile pc=0x0000000002d23f00 method=java.util.AbstractCollection.toArray([Ljava/lang/Object;)[Ljava/lang/Object; @ 119
Event: 1.060 Thread 0x0000000002912800 Uncommon trap: reason=array_check action=maybe_recompile pc=0x0000000002d23f00 method=java.util.AbstractCollection.toArray([Ljava/lang/Object;)[Ljava/lang/Object; @ 119
Event: 1.060 Thread 0x0000000002912800 Uncommon trap: reason=array_check action=maybe_recompile pc=0x0000000002d23f00 method=java.util.AbstractCollection.toArray([Ljava/lang/Object;)[Ljava/lang/Object; @ 119
Event: 1.060 Thread 0x0000000002912800 Uncommon trap: reason=array_check action=maybe_recompile pc=0x0000000002d23f00 method=java.util.AbstractCollection.toArray([Ljava/lang/Object;)[Ljava/lang/Object; @ 119

Internal exceptions (10 events):
Event: 0.043 Thread 0x0000000002912800 Exception <a 'java/lang/NoSuchMethodError': Method sun.misc.Unsafe.prefetchRead(Ljava/lang/Object;J)V name or signature does not match> (0x0000000715587f90) thrown at [C:\re\workspace\8-2-build-windows-amd64-cygwin\jdk8u131\8869\hotspot\src\share\vm\prims
Event: 0.116 Thread 0x0000000002912800 Exception <a 'java/lang/NoSuchMethodError': java.lang.Object.lambda$static$0(Ljava/lang/String;)Ljava/lang/Boolean;> (0x00000007156cf020) thrown at [C:\re\workspace\8-2-build-windows-amd64-cygwin\jdk8u131\8869\hotspot\src\share\vm\interpreter\linkResolver
Event: 0.125 Thread 0x0000000002912800 Exception <a 'java/lang/NoSuchFieldError': method resolution failed> (0x0000000715746df8) thrown at [C:\re\workspace\8-2-build-windows-amd64-cygwin\jdk8u131\8869\hotspot\src\share\vm\prims\methodHandles.cpp, line 1146]
Event: 0.127 Thread 0x0000000002912800 Exception <a 'java/lang/NoSuchFieldError': method resolution failed> (0x0000000715754178) thrown at [C:\re\workspace\8-2-build-windows-amd64-cygwin\jdk8u131\8869\hotspot\src\share\vm\prims\methodHandles.cpp, line 1146]
Event: 0.143 Thread 0x0000000002912800 Exception <a 'java/security/PrivilegedActionException'> (0x00000007157e6608) thrown at [C:\re\workspace\8-2-build-windows-amd64-cygwin\jdk8u131\8869\hotspot\src\share\vm\prims\jvm.cpp, line 1390]
Event: 0.143 Thread 0x0000000002912800 Exception <a 'java/security/PrivilegedActionException'> (0x00000007157e6818) thrown at [C:\re\workspace\8-2-build-windows-amd64-cygwin\jdk8u131\8869\hotspot\src\share\vm\prims\jvm.cpp, line 1390]
Event: 0.143 Thread 0x0000000002912800 Exception <a 'java/security/PrivilegedActionException'> (0x00000007157ea728) thrown at [C:\re\workspace\8-2-build-windows-amd64-cygwin\jdk8u131\8869\hotspot\src\share\vm\prims\jvm.cpp, line 1390]
Event: 0.143 Thread 0x0000000002912800 Exception <a 'java/security/PrivilegedActionException'> (0x00000007157ea938) thrown at [C:\re\workspace\8-2-build-windows-amd64-cygwin\jdk8u131\8869\hotspot\src\share\vm\prims\jvm.cpp, line 1390]
Event: 0.765 Thread 0x0000000002912800 Exception <a 'sun/nio/fs/WindowsException'> (0x0000000715af14c0) thrown at [C:\re\workspace\8-2-build-windows-amd64-cygwin\jdk8u131\8869\hotspot\src\share\vm\prims\jni.cpp, line 709]
Event: 0.765 Thread 0x0000000002912800 Exception <a 'sun/nio/fs/WindowsException'> (0x0000000715af1cf0) thrown at [C:\re\workspace\8-2-build-windows-amd64-cygwin\jdk8u131\8869\hotspot\src\share\vm\prims\jni.cpp, line 709]

Events (10 events):
Event: 1.060 Thread 0x0000000002912800 DEOPT PACKING pc=0x0000000002d23f00 sp=0x000000000290f220
Event: 1.060 Thread 0x0000000002912800 DEOPT UNPACKING pc=0x0000000002a5582a sp=0x000000000290f1b8 mode 2
Event: 1.060 Thread 0x0000000002912800 Uncommon trap: trap_request=0xffffffd6 fr.pc=0x0000000002d23f00
Event: 1.060 Thread 0x0000000002912800 DEOPT PACKING pc=0x0000000002d23f00 sp=0x000000000290f220
Event: 1.060 Thread 0x0000000002912800 DEOPT UNPACKING pc=0x0000000002a5582a sp=0x000000000290f1b8 mode 2
Event: 1.060 Thread 0x0000000002912800 Uncommon trap: trap_request=0xffffffd6 fr.pc=0x0000000002d23f00
Event: 1.060 Thread 0x0000000002912800 DEOPT PACKING pc=0x0000000002d23f00 sp=0x000000000290f220
Event: 1.060 Thread 0x0000000002912800 DEOPT UNPACKING pc=0x0000000002a5582a sp=0x000000000290f1b8 mode 2
Event: 1.062 loading class nl/game/objects/HitBox
Event: 1.062 loading class nl/game/objects/HitBox done


Dynamic libraries:
0x00007ff7de0a0000 - 0x00007ff7de0d7000 	C:\Program Files\Java\jdk1.8.0_131\bin\javaw.exe
0x00007ffdae450000 - 0x00007ffdae631000 	C:\WINDOWS\SYSTEM32\ntdll.dll
0x00007ffdab8e0000 - 0x00007ffdab992000 	C:\WINDOWS\System32\KERNEL32.DLL
0x00007ffdaae80000 - 0x00007ffdab0f3000 	C:\WINDOWS\System32\KERNELBASE.dll
0x00007ffdabea0000 - 0x00007ffdabf41000 	C:\WINDOWS\System32\ADVAPI32.dll
0x00007ffdac420000 - 0x00007ffdac4be000 	C:\WINDOWS\System32\msvcrt.dll
0x00007ffdade70000 - 0x00007ffdadecb000 	C:\WINDOWS\System32\sechost.dll
0x00007ffdadf30000 - 0x00007ffdae054000 	C:\WINDOWS\System32\RPCRT4.dll
0x00007ffdae290000 - 0x00007ffdae420000 	C:\WINDOWS\System32\USER32.dll
0x00007ffdab100000 - 0x00007ffdab120000 	C:\WINDOWS\System32\win32u.dll
0x00007ffdac4c0000 - 0x00007ffdac4e8000 	C:\WINDOWS\System32\GDI32.dll
0x00007ffdaa940000 - 0x00007ffdaaad2000 	C:\WINDOWS\System32\gdi32full.dll
0x00007ffdaa820000 - 0x00007ffdaa8bf000 	C:\WINDOWS\System32\msvcp_win.dll
0x00007ffdaaae0000 - 0x00007ffdaabda000 	C:\WINDOWS\System32\ucrtbase.dll
0x00007ffd9cde0000 - 0x00007ffd9d049000 	C:\WINDOWS\WinSxS\amd64_microsoft.windows.common-controls_6595b64144ccf1df_6.0.17134.472_none_fb3f9af53068156d\COMCTL32.dll
0x00007ffdabfe0000 - 0x00007ffdac302000 	C:\WINDOWS\System32\combase.dll
0x00007ffdaa8c0000 - 0x00007ffdaa93a000 	C:\WINDOWS\System32\bcryptPrimitives.dll
0x00007ffdabf50000 - 0x00007ffdabf7d000 	C:\WINDOWS\System32\IMM32.DLL
0x0000000070760000 - 0x0000000070832000 	C:\Program Files\Java\jdk1.8.0_131\jre\bin\msvcr100.dll
0x0000000073150000 - 0x00000000739ec000 	C:\Program Files\Java\jdk1.8.0_131\jre\bin\server\jvm.dll
0x00007ffdac690000 - 0x00007ffdac698000 	C:\WINDOWS\System32\PSAPI.DLL
0x00007ffda87f0000 - 0x00007ffda87f9000 	C:\WINDOWS\SYSTEM32\WSOCK32.dll
0x00007ffda61a0000 - 0x00007ffda61aa000 	C:\WINDOWS\SYSTEM32\VERSION.dll
0x00007ffda8710000 - 0x00007ffda8733000 	C:\WINDOWS\SYSTEM32\WINMM.dll
0x00007ffdac6a0000 - 0x00007ffdac70c000 	C:\WINDOWS\System32\WS2_32.dll
0x00007ffda85b0000 - 0x00007ffda85da000 	C:\WINDOWS\SYSTEM32\winmmbase.dll
0x00007ffdab120000 - 0x00007ffdab169000 	C:\WINDOWS\System32\cfgmgr32.dll
0x0000000073060000 - 0x000000007306f000 	C:\Program Files\Java\jdk1.8.0_131\jre\bin\verify.dll
0x0000000073030000 - 0x0000000073059000 	C:\Program Files\Java\jdk1.8.0_131\jre\bin\java.dll
0x0000000073010000 - 0x0000000073026000 	C:\Program Files\Java\jdk1.8.0_131\jre\bin\zip.dll
0x00007ffdac710000 - 0x00007ffdadb50000 	C:\WINDOWS\System32\SHELL32.dll
0x00007ffdac370000 - 0x00007ffdac419000 	C:\WINDOWS\System32\shcore.dll
0x00007ffdab170000 - 0x00007ffdab87d000 	C:\WINDOWS\System32\windows.storage.dll
0x00007ffdaded0000 - 0x00007ffdadf21000 	C:\WINDOWS\System32\shlwapi.dll
0x00007ffdaa760000 - 0x00007ffdaa771000 	C:\WINDOWS\System32\kernel.appcore.dll
0x00007ffdaa790000 - 0x00007ffdaa7af000 	C:\WINDOWS\System32\profapi.dll
0x00007ffdaa7b0000 - 0x00007ffdaa7fc000 	C:\WINDOWS\System32\powrprof.dll
0x00007ffdaa780000 - 0x00007ffdaa78a000 	C:\WINDOWS\System32\FLTLIB.DLL
0x0000000072ff0000 - 0x000000007300a000 	C:\Program Files\Java\jdk1.8.0_131\jre\bin\net.dll
0x00007ffda9fe0000 - 0x00007ffdaa046000 	C:\WINDOWS\system32\mswsock.dll
0x0000000072fd0000 - 0x0000000072fe1000 	C:\Program Files\Java\jdk1.8.0_131\jre\bin\nio.dll
0x00007ffd96d60000 - 0x00007ffd96dc1000 	C:\Users\Gebruiker\AppData\Local\Temp\lwjglGebruiker\3.2.0-build-12\lwjgl.dll
0x00007ffd83b60000 - 0x00007ffd83bbc000 	C:\Users\GEBRUI~1\AppData\Local\Temp\lwjglGebruiker\3.2.0-build-12\glfw.dll
0x00007ffda8e10000 - 0x00007ffda8ea8000 	C:\WINDOWS\system32\uxtheme.dll
0x00007ffd83b10000 - 0x00007ffd83b53000 	C:\WINDOWS\SYSTEM32\dinput8.dll
0x00007ffda2da0000 - 0x00007ffda2db0000 	C:\WINDOWS\SYSTEM32\xinput1_4.dll
0x00007ffdaa570000 - 0x00007ffdaa597000 	C:\WINDOWS\SYSTEM32\DEVOBJ.dll
0x00007ffda6330000 - 0x00007ffda63a9000 	C:\WINDOWS\SYSTEM32\inputhost.dll
0x00007ffda6d10000 - 0x00007ffda6e5d000 	C:\WINDOWS\SYSTEM32\wintypes.dll
0x00007ffda84d0000 - 0x00007ffda85aa000 	C:\WINDOWS\SYSTEM32\CoreMessaging.dll
0x00007ffda5700000 - 0x00007ffda5a1e000 	C:\WINDOWS\SYSTEM32\CoreUIComponents.dll
0x00007ffda9850000 - 0x00007ffda9881000 	C:\WINDOWS\SYSTEM32\ntmarta.dll
0x00007ffda8ef0000 - 0x00007ffda8f19000 	C:\WINDOWS\SYSTEM32\dwmapi.dll
0x00007ffdae060000 - 0x00007ffdae1d3000 	C:\WINDOWS\System32\MSCTF.dll
0x00007ffdadda0000 - 0x00007ffdade62000 	C:\WINDOWS\System32\OLEAUT32.dll
0x00007ffda9490000 - 0x00007ffda949c000 	C:\WINDOWS\SYSTEM32\HID.DLL
0x00007ffdab9a0000 - 0x00007ffdabdeb000 	C:\WINDOWS\System32\SETUPAPI.DLL
0x00007ffdab880000 - 0x00007ffdab8d7000 	C:\WINDOWS\System32\WINTRUST.dll
0x00007ffdaa800000 - 0x00007ffdaa812000 	C:\WINDOWS\System32\MSASN1.dll
0x00007ffdaabe0000 - 0x00007ffdaadc2000 	C:\WINDOWS\System32\CRYPT32.dll
0x00007ffd70f70000 - 0x00007ffd71090000 	C:\WINDOWS\SYSTEM32\opengl32.dll
0x00007ffd96310000 - 0x00007ffd9633c000 	C:\WINDOWS\SYSTEM32\GLU32.dll
0x00000000708f0000 - 0x0000000072f74000 	C:\WINDOWS\System32\DriverStore\FileRepository\nv_dispi.inf_amd64_01c064f3d89f92be\nvoglv64.dll
0x00007ffdadc40000 - 0x00007ffdadd91000 	C:\WINDOWS\System32\ole32.dll
0x00007ffda6cf0000 - 0x00007ffda6d03000 	C:\WINDOWS\SYSTEM32\WTSAPI32.dll
0x00007ffd70260000 - 0x00007ffd70526000 	C:\WINDOWS\system32\nvspcap64.dll
0x00007ffda98f0000 - 0x00007ffda9946000 	C:\WINDOWS\SYSTEM32\WINSTA.dll
0x00007ffda50a0000 - 0x00007ffda5136000 	C:\WINDOWS\System32\TextInputFramework.dll
0x00007ffd7cce0000 - 0x00007ffd7cd39000 	C:\Users\Gebruiker\AppData\Local\Temp\lwjglGebruiker\3.2.0-build-12\lwjgl_opengl.dll
0x00007ffd7cc50000 - 0x00007ffd7ccd1000 	C:\Users\Gebruiker\AppData\Local\Temp\lwjglGebruiker\3.2.0-build-12\lwjgl_stb.dll
0x00007ffda4210000 - 0x00007ffda43d9000 	C:\WINDOWS\SYSTEM32\dbghelp.dll

VM Arguments:
jvm_args: -Xms6g -Xmx8g -Dfile.encoding=Cp1252 
java_command: nl.game.setup.MainCubeWorld
java_class_path (initial): C:\Users\Gebruiker\LWJGLWorkspace\CubeWorld2\bin;C:\Users\Gebruiker\LWJGLWorkspace\CubeWorld2\libraries\lwjgl\lwjgl-natives-linux.jar;C:\Users\Gebruiker\LWJGLWorkspace\CubeWorld2\libraries\lwjgl\lwjgl-natives-macos.jar;C:\Users\Gebruiker\LWJGLWorkspace\CubeWorld2\libraries\lwjgl\lwjgl-natives-windows.jar;C:\Users\Gebruiker\LWJGLWorkspace\CubeWorld2\libraries\lwjgl\lwjgl.jar;C:\Users\Gebruiker\LWJGLWorkspace\CubeWorld2\libraries\lwjgl-openal\lwjgl-openal-natives-linux.jar;C:\Users\Gebruiker\LWJGLWorkspace\CubeWorld2\libraries\lwjgl-openal\lwjgl-openal-natives-macos.jar;C:\Users\Gebruiker\LWJGLWorkspace\CubeWorld2\libraries\lwjgl-openal\lwjgl-openal-natives-windows.jar;C:\Users\Gebruiker\LWJGLWorkspace\CubeWorld2\libraries\lwjgl-openal\lwjgl-openal.jar;C:\Users\Gebruiker\LWJGLWorkspace\CubeWorld2\libraries\lwjgl-opengl\lwjgl-opengl-natives-linux.jar;C:\Users\Gebruiker\LWJGLWorkspace\CubeWorld2\libraries\lwjgl-opengl\lwjgl-opengl-natives-macos.jar;C:\Users\Gebruiker\LWJGLWorkspace\CubeWorld2\libraries\lwjgl-opengl\lwjgl-opengl-natives-windows.jar;C:\Users\Gebruiker\LWJGLWorkspace\CubeWorld2\libraries\lwjgl-opengl\lwjgl-opengl.jar;C:\Users\Gebruiker\LWJGLWorkspace\CubeWorld2\libraries\lwjgl-assimp\lwjgl-assimp-natives-linux.jar;C:\Users\Gebruiker\LWJGLWorkspace\CubeWorld2\libraries\lwjgl-assimp\lwjgl-assimp-natives-macos.jar;C:\Users\Gebruiker\LWJGLWorkspace\CubeWorld2\libraries\lwjgl-assimp\lwjgl-assimp-natives-windows.jar;C:\Users\Gebruiker\LWJGLWorkspace\CubeWorld2\libraries\lwjgl-assimp\lwjgl-assimp.jar;C:\Users\Gebruiker\LWJGLWorkspace\CubeWorld2\libraries\lwjgl-glfw\lwjgl-glfw-natives-linux.jar;C:\Users\Gebruiker\LWJGLWorkspace\CubeWorld2\libraries\lwjgl-glfw\lwjgl-glfw-natives-macos.jar;C:\Users\Gebruiker\LWJGLWorkspace\CubeWorld2\libraries\lwjgl-glfw\lwjgl-glfw-natives-windows.jar;C:\Users\Gebruiker\LWJGLWorkspace\CubeWorld2\libraries\lwjgl-glfw\lwjgl-glfw.jar;C:\Users\Gebruiker\LWJGLWorkspace\CubeWorld2\libraries\lwjgl-stb\lwjgl-stb
Launcher Type: SUN_STANDARD

Environment Variables:
PATH=C:/Program Files/Java/jdk1.8.0_131/bin/../jre/bin/server;C:/Program Files/Java/jdk1.8.0_131/bin/../jre/bin;C:/Program Files/Java/jdk1.8.0_131/bin/../jre/lib/amd64;C:\Program Files\Java\jdk1.8.0_131\bin;C:\Program Files (x86)\Intel\iCLS Client\;C:\Program Files\Intel\iCLS Client\;C:\WINDOWS\system32;C:\WINDOWS;C:\WINDOWS\System32\Wbem;C:\WINDOWS\System32\WindowsPowerShell\v1.0\;C:\Program Files (x86)\Intel\Intel(R) Management Engine Components\DAL;C:\Program Files\Intel\Intel(R) Management Engine Components\DAL;C:\Program Files (x86)\Intel\Intel(R) Management Engine Components\IPT;C:\Program Files\Intel\Intel(R) Management Engine Components\IPT;C:\Program Files (x86)\NVIDIA Corporation\PhysX\Common;C:\WINDOWS\system32;C:\WINDOWS;C:\WINDOWS\System32\Wbem;C:\WINDOWS\System32\WindowsPowerShell\v1.0\;C:\WINDOWS\System32\OpenSSH\;C:\Users\Gebruiker\Desktop\Software\Programmeren\Python;C:\Users\Gebruiker\Desktop\Software\Programmeren\Python\Scripts;;C:\Program Files\NVIDIA Corporation\NVIDIA NvDLISR;C:\Users\Gebruiker\AppData\Local\Microsoft\WindowsApps;;C:\Users\Gebruiker\Desktop;
USERNAME=Gebruiker
OS=Windows_NT
PROCESSOR_IDENTIFIER=Intel64 Family 6 Model 158 Stepping 9, GenuineIntel



---------------  S Y S T E M  ---------------

OS: Windows 10.0 , 64 bit Build 17134 (10.0.17134.1)

CPU:total 4 (initial active 4) (4 cores per cpu, 1 threads per core) family 6 model 158 stepping 9, cmov, cx8, fxsr, mmx, sse, sse2, sse3, ssse3, sse4.1, sse4.2, popcnt, avx, avx2, aes, clmul, erms, 3dnowpref, lzcnt, tsc, tscinvbit, bmi1, bmi2, adx

Memory: 4k page, physical 16739520k(12540276k free), swap 19229888k(6422916k free)

vm_info: Java HotSpot(TM) 64-Bit Server VM (25.131-b11) for windows-amd64 JRE (1.8.0_131-b11), built on Mar 15 2017 01:23:53 by "java_re" with MS VC++ 10.0 (VS2010)

time: Mon Dec 24 21:32:44 2018
elapsed time: 1 seconds (0d 0h 0m 1s)

